TN:
SF:src\controllers\applicationTypesController.js
FN:3,list
FN:13,getOne
FN:22,create
FN:31,update
FN:43,remove
FN:52,createDocReq
FN:64,updateDocReq
FN:76,removeDocReq
FNF:8
FNH:0
FNDA:0,list
FNDA:0,getOne
FNDA:0,create
FNDA:0,update
FNDA:0,remove
FNDA:0,createDocReq
FNDA:0,updateDocReq
FNDA:0,removeDocReq
DA:1,1
DA:4,0
DA:5,0
DA:6,0
DA:7,0
DA:9,0
DA:14,0
DA:15,0
DA:16,0
DA:18,0
DA:23,0
DA:24,0
DA:25,0
DA:27,0
DA:32,0
DA:33,0
DA:37,0
DA:39,0
DA:44,0
DA:45,0
DA:46,0
DA:48,0
DA:53,0
DA:54,0
DA:58,0
DA:60,0
DA:65,0
DA:66,0
DA:70,0
DA:72,0
DA:77,0
DA:78,0
DA:79,0
DA:81,0
DA:85,1
LF:35
LH:2
BRDA:5,0,0,0
BRDA:5,0,1,0
BRF:2
BRH:0
end_of_record
TN:
SF:src\controllers\applicationsController.js
FN:3,create
FN:15,list
FN:34,getById
FN:47,stageDecision
FN:64,getTimeline
FN:80,getStageDecisions
FNF:6
FNH:0
FNDA:0,create
FNDA:0,list
FNDA:0,getById
FNDA:0,stageDecision
FNDA:0,getTimeline
FNDA:0,getStageDecisions
DA:1,1
DA:4,0
DA:5,0
DA:9,0
DA:11,0
DA:16,0
DA:17,0
DA:18,0
DA:20,0
DA:28,0
DA:30,0
DA:35,0
DA:36,0
DA:41,0
DA:43,0
DA:48,0
DA:49,0
DA:58,0
DA:60,0
DA:65,0
DA:66,0
DA:71,0
DA:76,0
DA:81,0
DA:82,0
DA:87,0
DA:89,0
DA:93,1
LF:28
LH:2
BRDA:17,0,0,0
BRDA:17,0,1,0
BRDA:18,1,0,0
BRDA:18,1,1,0
BRF:4
BRH:0
end_of_record
TN:
SF:src\controllers\auditController.js
FN:3,getAuditLogs
FNF:1
FNH:0
FNDA:0,getAuditLogs
DA:1,1
DA:4,0
DA:5,0
DA:6,0
DA:7,0
DA:8,0
DA:14,0
DA:18,1
LF:8
LH:2
BRDA:5,0,0,0
BRDA:5,0,1,0
BRDA:6,1,0,0
BRDA:6,1,1,0
BRF:4
BRH:0
end_of_record
TN:
SF:src\controllers\authController.js
FN:3,register
FN:13,login
FN:29,refresh
FN:37,logout
FN:42,me
FN:51,changePassword
FNF:6
FNH:3
FNDA:0,register
FNDA:4,login
FNDA:0,refresh
FNDA:3,logout
FNDA:1,me
FNDA:0,changePassword
DA:1,1
DA:4,0
DA:5,0
DA:6,0
DA:7,0
DA:9,0
DA:14,4
DA:15,4
DA:16,1
DA:17,1
DA:18,0
DA:23,1
DA:25,3
DA:30,0
DA:31,0
DA:33,0
DA:34,0
DA:38,3
DA:39,3
DA:43,1
DA:44,1
DA:45,1
DA:47,0
DA:52,0
DA:53,0
DA:54,0
DA:55,0
DA:57,0
DA:61,1
LF:29
LH:13
BRDA:17,0,0,0
BRDA:17,0,1,1
BRF:2
BRH:1
end_of_record
TN:
SF:src\controllers\documentsController.js
FN:3,list
FN:17,upload
FN:32,getHistory
FNF:3
FNH:0
FNDA:0,list
FNDA:0,upload
FNDA:0,getHistory
DA:1,1
DA:4,0
DA:5,0
DA:11,0
DA:13,0
DA:18,0
DA:19,0
DA:27,0
DA:29,0
DA:33,0
DA:34,0
DA:40,0
DA:42,0
DA:46,1
LF:14
LH:2
BRF:0
BRH:0
end_of_record
TN:
SF:src\controllers\userController.js
FN:3,createUser
FN:12,listUsers
FN:23,getUserWorkflowRoles
FN:32,updateUserStatus
FNF:4
FNH:0
FNDA:0,createUser
FNDA:0,listUsers
FNDA:0,getUserWorkflowRoles
FNDA:0,updateUserStatus
DA:1,1
DA:4,0
DA:5,0
DA:6,0
DA:8,0
DA:13,0
DA:14,0
DA:15,0
DA:16,0
DA:17,0
DA:19,0
DA:24,0
DA:25,0
DA:26,0
DA:28,0
DA:33,0
DA:34,0
DA:35,0
DA:40,0
DA:42,0
DA:46,1
LF:21
LH:2
BRDA:14,0,0,0
BRDA:14,0,1,0
BRDA:15,1,0,0
BRDA:15,1,1,0
BRF:4
BRH:0
end_of_record
TN:
SF:src\controllers\workflowController.js
FN:6,getWorkflows
FN:16,createWorkflow
FN:27,updateWorkflow
FN:39,deleteWorkflow
FN:50,listWorkflowStates
FN:59,createWorkflowState
FN:68,updateWorkflowState
FN:80,deleteWorkflowState
FN:91,listWorkflowTransitions
FN:102,createWorkflowTransition
FN:111,updateWorkflowTransition
FN:123,deleteWorkflowTransition
FN:134,listWorkflowAssignments
FN:143,addWorkflowAssignment
FN:160,removeWorkflowAssignment
FNF:15
FNH:0
FNDA:0,getWorkflows
FNDA:0,createWorkflow
FNDA:0,updateWorkflow
FNDA:0,deleteWorkflow
FNDA:0,listWorkflowStates
FNDA:0,createWorkflowState
FNDA:0,updateWorkflowState
FNDA:0,deleteWorkflowState
FNDA:0,listWorkflowTransitions
FNDA:0,createWorkflowTransition
FNDA:0,updateWorkflowTransition
FNDA:0,deleteWorkflowTransition
FNDA:0,listWorkflowAssignments
FNDA:0,addWorkflowAssignment
FNDA:0,removeWorkflowAssignment
DA:1,1
DA:2,1
DA:7,0
DA:8,0
DA:9,0
DA:10,0
DA:12,0
DA:17,0
DA:18,0
DA:21,0
DA:23,0
DA:28,0
DA:29,0
DA:33,0
DA:35,0
DA:40,0
DA:41,0
DA:42,0
DA:44,0
DA:51,0
DA:52,0
DA:53,0
DA:55,0
DA:60,0
DA:61,0
DA:62,0
DA:64,0
DA:69,0
DA:70,0
DA:74,0
DA:76,0
DA:81,0
DA:82,0
DA:83,0
DA:85,0
DA:92,0
DA:93,0
DA:96,0
DA:98,0
DA:103,0
DA:104,0
DA:105,0
DA:107,0
DA:112,0
DA:113,0
DA:117,0
DA:119,0
DA:124,0
DA:125,0
DA:126,0
DA:128,0
DA:135,0
DA:136,0
DA:137,0
DA:139,0
DA:144,0
DA:145,0
DA:146,0
DA:153,0
DA:154,0
DA:156,0
DA:161,0
DA:162,0
DA:163,0
DA:165,0
DA:169,1
LF:66
LH:3
BRDA:8,0,0,0
BRDA:8,0,1,0
BRF:2
BRH:0
end_of_record
TN:
SF:src\middleware\auth.js
FN:4,authenticate
FNF:1
FNH:1
FNDA:4,authenticate
DA:1,1
DA:2,1
DA:5,4
DA:6,4
DA:7,3
DA:8,3
DA:9,1
DA:10,1
DA:12,2
DA:16,1
LF:10
LH:10
BRDA:6,0,0,1
BRDA:6,0,1,3
BRF:2
BRH:2
end_of_record
TN:
SF:src\middleware\errorHandler.js
FN:3,errorHandler
FNF:1
FNH:1
FNDA:8,errorHandler
DA:1,1
DA:4,8
DA:5,8
DA:7,8
DA:8,0
DA:9,0
DA:12,8
DA:22,1
LF:8
LH:6
BRDA:4,0,0,8
BRDA:4,0,1,0
BRDA:5,1,0,8
BRDA:5,1,1,0
BRDA:7,2,0,0
BRDA:7,2,1,8
BRDA:8,3,0,0
BRDA:8,3,1,0
BRDA:16,4,0,0
BRDA:16,4,1,8
BRDA:18,5,0,8
BRDA:18,5,1,8
BRF:12
BRH:6
end_of_record
TN:
SF:src\middleware\rbac.js
FN:3,requireRole
FN:4,(anonymous_1)
FNF:2
FNH:2
FNDA:22,requireRole
FNDA:12,(anonymous_1)
DA:1,2
DA:4,22
DA:5,12
DA:6,11
DA:7,6
DA:9,5
DA:13,2
LF:7
LH:7
BRDA:5,0,0,1
BRDA:5,0,1,11
BRDA:6,1,0,6
BRDA:6,1,1,5
BRF:4
BRH:4
end_of_record
TN:
SF:src\middleware\requestId.js
FN:3,requestId
FNF:1
FNH:1
FNDA:13,requestId
DA:1,1
DA:4,13
DA:5,13
DA:6,13
DA:9,1
LF:5
LH:5
BRDA:4,0,0,13
BRDA:4,0,1,13
BRF:2
BRH:2
end_of_record
TN:
SF:src\middleware\upload.js
FN:13,(anonymous_0)
FN:14,(anonymous_1)
FNF:2
FNH:0
FNDA:0,(anonymous_0)
FNDA:0,(anonymous_1)
DA:1,1
DA:2,1
DA:3,1
DA:4,1
DA:6,1
DA:8,1
DA:9,0
DA:12,1
DA:13,0
DA:15,0
DA:16,0
DA:20,1
DA:25,1
LF:13
LH:9
BRDA:6,0,0,1
BRDA:6,0,1,0
BRDA:8,1,0,0
BRDA:8,1,1,1
BRF:4
BRH:2
end_of_record
TN:
SF:src\services\applicationService.js
FN:20,createApplication
FN:36,performTransition
FN:88,(anonymous_2)
FN:158,getTimeline
FN:188,(anonymous_4)
FN:192,getTimelineWorkflowStates
FN:211,getAllApplications
FN:224,getById
FN:240,(anonymous_8)
FN:249,getList
FN:280,(anonymous_10)
FN:290,(anonymous_11)
FN:313,getStageDecisions
FNF:13
FNH:2
FNDA:0,createApplication
FNDA:13,performTransition
FNDA:9,(anonymous_2)
FNDA:0,getTimeline
FNDA:0,(anonymous_4)
FNDA:0,getTimelineWorkflowStates
FNDA:0,getAllApplications
FNDA:0,getById
FNDA:0,(anonymous_8)
FNDA:0,getList
FNDA:0,(anonymous_10)
FNDA:0,(anonymous_11)
FNDA:0,getStageDecisions
DA:1,3
DA:2,3
DA:3,3
DA:4,3
DA:5,3
DA:6,3
DA:7,3
DA:8,3
DA:9,3
DA:10,3
DA:11,3
DA:12,3
DA:18,3
DA:21,0
DA:22,0
DA:24,0
DA:25,0
DA:27,0
DA:41,13
DA:42,13
DA:44,13
DA:48,0
DA:51,13
DA:57,13
DA:58,4
DA:59,4
DA:65,9
DA:67,0
DA:71,0
DA:75,0
DA:76,0
DA:84,9
DA:88,9
DA:89,9
DA:90,9
DA:91,0
DA:94,9
DA:106,9
DA:108,4
DA:112,0
DA:119,4
DA:120,4
DA:121,0
DA:134,4
DA:151,4
DA:154,4
DA:159,0
DA:164,0
DA:166,0
DA:167,0
DA:176,0
DA:177,0
DA:188,0
DA:189,0
DA:194,0
DA:195,0
DA:197,0
DA:201,0
DA:204,0
DA:208,0
DA:212,0
DA:218,0
DA:225,0
DA:226,0
DA:228,0
DA:229,0
DA:232,0
DA:236,0
DA:240,0
DA:242,0
DA:250,0
DA:251,0
DA:257,0
DA:260,0
DA:261,0
DA:265,0
DA:271,0
DA:272,0
DA:273,0
DA:274,0
DA:277,0
DA:278,0
DA:279,0
DA:280,0
DA:281,0
DA:286,0
DA:289,0
DA:290,0
DA:291,0
DA:292,0
DA:293,0
DA:295,0
DA:301,0
DA:307,0
DA:314,0
DA:315,0
DA:317,0
DA:321,0
DA:324,0
DA:325,0
DA:328,3
LF:101
LH:34
BRDA:22,0,0,0
BRDA:22,0,1,0
BRDA:25,1,0,0
BRDA:25,1,1,0
BRDA:42,2,0,0
BRDA:42,2,1,13
BRDA:44,3,0,0
BRDA:44,3,1,13
BRDA:45,4,0,13
BRDA:45,4,1,0
BRDA:57,5,0,4
BRDA:57,5,1,9
BRDA:58,6,0,4
BRDA:58,6,1,0
BRDA:58,7,0,4
BRDA:58,7,1,1
BRDA:65,8,0,0
BRDA:65,8,1,9
BRDA:75,9,0,0
BRDA:75,9,1,0
BRDA:84,10,0,0
BRDA:84,10,1,9
BRDA:84,11,0,9
BRDA:84,11,1,0
BRDA:90,12,0,0
BRDA:90,12,1,9
BRDA:90,13,0,9
BRDA:90,13,1,0
BRDA:101,14,0,0
BRDA:101,14,1,9
BRDA:106,15,0,5
BRDA:106,15,1,4
BRDA:108,16,0,0
BRDA:108,16,1,4
BRDA:109,17,0,4
BRDA:109,17,1,0
BRDA:120,18,0,0
BRDA:120,18,1,4
BRDA:120,19,0,4
BRDA:120,19,1,0
BRDA:126,20,0,0
BRDA:126,20,1,0
BRDA:138,21,0,0
BRDA:138,21,1,4
BRDA:195,22,0,0
BRDA:195,22,1,0
BRDA:197,23,0,0
BRDA:197,23,1,0
BRDA:198,24,0,0
BRDA:198,24,1,0
BRDA:211,25,0,0
BRDA:211,26,0,0
BRDA:226,27,0,0
BRDA:226,27,1,0
BRDA:228,28,0,0
BRDA:228,28,1,0
BRDA:228,29,0,0
BRDA:228,29,1,0
BRDA:249,30,0,0
BRDA:249,31,0,0
BRDA:250,32,0,0
BRDA:250,32,1,0
BRDA:260,33,0,0
BRDA:260,33,1,0
BRDA:271,34,0,0
BRDA:271,34,1,0
BRDA:273,35,0,0
BRDA:273,35,1,0
BRDA:291,36,0,0
BRDA:291,36,1,0
BRDA:315,37,0,0
BRDA:315,37,1,0
BRDA:317,38,0,0
BRDA:317,38,1,0
BRDA:318,39,0,0
BRDA:318,39,1,0
BRF:76
BRH:21
end_of_record
TN:
SF:src\services\applicationTypeService.js
FN:11,list
FN:17,getOne
FN:22,create
FN:27,update
FN:37,remove
FN:44,createDocReq
FN:52,updateDocReq
FN:62,removeDocReq
FNF:8
FNH:0
FNDA:0,list
FNDA:0,getOne
FNDA:0,create
FNDA:0,update
FNDA:0,remove
FNDA:0,createDocReq
FNDA:0,updateDocReq
FNDA:0,removeDocReq
DA:1,1
DA:2,1
DA:3,1
DA:9,1
DA:12,0
DA:13,0
DA:14,0
DA:18,0
DA:19,0
DA:20,0
DA:23,0
DA:24,0
DA:28,0
DA:29,0
DA:30,0
DA:34,0
DA:38,0
DA:39,0
DA:40,0
DA:41,0
DA:45,0
DA:46,0
DA:47,0
DA:48,0
DA:49,0
DA:54,0
DA:55,0
DA:56,0
DA:60,0
DA:64,0
DA:65,0
DA:66,0
DA:67,0
DA:70,1
LF:34
LH:5
BRDA:19,0,0,0
BRDA:19,0,1,0
BRDA:29,1,0,0
BRDA:29,1,1,0
BRDA:39,2,0,0
BRDA:39,2,1,0
BRDA:46,3,0,0
BRDA:46,3,1,0
BRDA:55,4,0,0
BRDA:55,4,1,0
BRDA:65,5,0,0
BRDA:65,5,1,0
BRF:12
BRH:0
end_of_record
TN:
SF:src\services\auditService.js
FN:4,log
FN:16,getAuditLogs
FNF:2
FNH:0
FNDA:0,log
FNDA:0,getAuditLogs
DA:1,3
DA:2,3
DA:5,0
DA:17,0
DA:20,3
LF:5
LH:3
BRDA:12,0,0,0
BRDA:12,0,1,0
BRDA:16,1,0,0
BRDA:16,2,0,0
BRF:4
BRH:0
end_of_record
TN:
SF:src\services\authService.js
FN:17,setAccessCookie
FN:22,setRefreshCookie
FN:26,setAuthCookies
FN:32,register
FN:41,(anonymous_4)
FN:49,(anonymous_5)
FN:70,login
FN:88,refresh
FN:103,changePassword
FN:120,issueTokens
FN:128,sanitize
FN:133,getMe
FNF:12
FNH:7
FNDA:4,setAccessCookie
FNDA:4,setRefreshCookie
FNDA:4,setAuthCookies
FNDA:0,register
FNDA:0,(anonymous_4)
FNDA:0,(anonymous_5)
FNDA:4,login
FNDA:0,refresh
FNDA:0,changePassword
FNDA:1,issueTokens
FNDA:2,sanitize
FNDA:1,getMe
DA:1,1
DA:2,1
DA:3,1
DA:4,1
DA:5,1
DA:6,1
DA:7,1
DA:8,1
DA:11,1
DA:18,4
DA:19,4
DA:23,4
DA:27,4
DA:28,4
DA:33,0
DA:34,0
DA:36,0
DA:37,0
DA:39,0
DA:41,0
DA:42,0
DA:49,0
DA:51,0
DA:58,0
DA:65,0
DA:66,0
DA:71,4
DA:72,4
DA:74,2
DA:75,2
DA:77,1
DA:79,1
DA:81,1
DA:82,0
DA:85,1
DA:89,0
DA:90,0
DA:92,0
DA:94,0
DA:96,0
DA:97,0
DA:98,0
DA:100,0
DA:104,0
DA:105,0
DA:107,0
DA:108,0
DA:109,0
DA:112,0
DA:113,0
DA:115,0
DA:116,0
DA:117,0
DA:121,1
DA:122,1
DA:129,2
DA:130,2
DA:134,1
DA:135,1
DA:136,1
DA:139,1
LF:61
LH:30
BRDA:18,0,0,4
BRDA:18,0,1,0
BRDA:34,1,0,0
BRDA:34,1,1,0
BRDA:37,2,0,0
BRDA:37,2,1,0
BRDA:72,3,0,2
BRDA:72,3,1,2
BRDA:72,4,0,4
BRDA:72,4,1,3
BRDA:75,5,0,1
BRDA:75,5,1,1
BRDA:81,6,0,0
BRDA:81,6,1,1
BRDA:90,7,0,0
BRDA:90,7,1,0
BRDA:96,8,0,0
BRDA:96,8,1,0
BRDA:96,9,0,0
BRDA:96,9,1,0
BRDA:105,10,0,0
BRDA:105,10,1,0
BRDA:107,11,0,0
BRDA:107,11,1,0
BRDA:109,12,0,0
BRDA:109,12,1,0
BRDA:135,13,0,0
BRDA:135,13,1,1
BRDA:135,14,0,1
BRDA:135,14,1,1
BRF:30
BRH:11
end_of_record
TN:
SF:src\services\documentService.js
FN:8,uploadDocument
FN:20,(anonymous_1)
FN:43,getDocumentsForCycle
FN:45,(anonymous_3)
FN:48,validateRequiredDocuments
FN:50,(anonymous_5)
FN:52,(anonymous_6)
FN:53,(anonymous_7)
FN:57,upload
FN:93,list
FN:109,getHistory
FNF:11
FNH:0
FNDA:0,uploadDocument
FNDA:0,(anonymous_1)
FNDA:0,getDocumentsForCycle
FNDA:0,(anonymous_3)
FNDA:0,validateRequiredDocuments
FNDA:0,(anonymous_5)
FNDA:0,(anonymous_6)
FNDA:0,(anonymous_7)
FNDA:0,upload
FNDA:0,list
FNDA:0,getHistory
DA:1,3
DA:2,3
DA:3,3
DA:4,3
DA:5,3
DA:6,3
DA:9,0
DA:11,0
DA:12,0
DA:15,0
DA:16,0
DA:20,0
DA:21,0
DA:23,0
DA:35,0
DA:36,0
DA:39,0
DA:44,0
DA:45,0
DA:49,0
DA:50,0
DA:51,0
DA:52,0
DA:53,0
DA:54,0
DA:59,0
DA:61,0
DA:62,0
DA:64,0
DA:65,0
DA:68,0
DA:69,0
DA:72,0
DA:74,0
DA:76,0
DA:83,0
DA:89,0
DA:94,0
DA:95,0
DA:97,0
DA:101,0
DA:104,0
DA:105,0
DA:106,0
DA:110,0
DA:111,0
DA:113,0
DA:117,0
DA:120,0
DA:124,0
DA:127,3
LF:51
LH:7
BRDA:9,0,0,0
BRDA:9,0,1,0
BRDA:11,1,0,0
BRDA:11,1,1,0
BRDA:11,2,0,0
BRDA:11,2,1,0
BRDA:12,3,0,0
BRDA:12,3,1,0
BRDA:15,4,0,0
BRDA:15,4,1,0
BRDA:35,5,0,0
BRDA:35,5,1,0
BRDA:52,6,0,0
BRDA:52,6,1,0
BRDA:59,7,0,0
BRDA:59,7,1,0
BRDA:62,8,0,0
BRDA:62,8,1,0
BRDA:64,9,0,0
BRDA:64,9,1,0
BRDA:64,10,0,0
BRDA:64,10,1,0
BRDA:68,11,0,0
BRDA:68,11,1,0
BRDA:74,12,0,0
BRDA:74,12,1,0
BRDA:95,13,0,0
BRDA:95,13,1,0
BRDA:97,14,0,0
BRDA:97,14,1,0
BRDA:98,15,0,0
BRDA:98,15,1,0
BRDA:104,16,0,0
BRDA:104,16,1,0
BRDA:111,17,0,0
BRDA:111,17,1,0
BRDA:113,18,0,0
BRDA:113,18,1,0
BRDA:114,19,0,0
BRDA:114,19,1,0
BRF:40
BRH:0
end_of_record
TN:
SF:src\services\stageDecisionService.js
FN:7,createDecision
FNF:1
FNH:1
FNDA:11,createDecision
DA:1,3
DA:2,3
DA:3,3
DA:5,3
DA:8,11
DA:9,2
DA:11,9
DA:12,4
DA:15,5
DA:26,3
LF:10
LH:10
BRDA:8,0,0,2
BRDA:8,0,1,9
BRDA:11,1,0,4
BRDA:11,1,1,5
BRDA:11,2,0,9
BRDA:11,2,1,7
BRF:6
BRH:6
end_of_record
TN:
SF:src\services\stateMachineService.js
FN:5,validateTransition
FN:38,getAvailableTransitions
FNF:2
FNH:2
FNDA:27,validateTransition
FNDA:4,getAvailableTransitions
DA:1,5
DA:2,5
DA:3,5
DA:6,27
DA:7,27
DA:8,2
DA:11,25
DA:12,25
DA:13,3
DA:16,22
DA:17,22
DA:18,3
DA:19,2
DA:22,19
DA:23,17
DA:24,17
DA:25,6
DA:30,12
DA:31,12
DA:32,3
DA:35,9
DA:39,4
DA:40,4
DA:42,3
DA:43,3
DA:45,3
DA:46,5
DA:47,5
DA:48,5
DA:49,1
DA:50,4
DA:51,3
DA:52,3
DA:54,3
DA:55,3
DA:56,1
DA:63,3
DA:66,5
LF:38
LH:38
BRDA:7,0,0,2
BRDA:7,0,1,25
BRDA:7,1,0,27
BRDA:7,1,1,27
BRDA:12,2,0,3
BRDA:12,2,1,22
BRDA:17,3,0,3
BRDA:17,3,1,19
BRDA:18,4,0,2
BRDA:18,4,1,1
BRDA:18,5,0,3
BRDA:18,5,1,2
BRDA:22,6,0,2
BRDA:22,6,1,17
BRDA:24,7,0,6
BRDA:24,7,1,11
BRDA:31,8,0,3
BRDA:31,8,1,9
BRDA:31,9,0,12
BRDA:31,9,1,12
BRDA:31,9,2,6
BRDA:40,10,0,1
BRDA:40,10,1,3
BRDA:40,11,0,4
BRDA:40,11,1,4
BRDA:48,12,0,1
BRDA:48,12,1,4
BRDA:49,13,0,1
BRDA:49,13,1,0
BRDA:49,14,0,1
BRDA:49,14,1,1
BRDA:50,15,0,3
BRDA:50,15,1,1
BRDA:54,16,0,3
BRDA:54,16,1,3
BRDA:55,17,0,1
BRDA:55,17,1,2
BRDA:55,18,0,3
BRDA:55,18,1,2
BRDA:55,19,0,2
BRDA:55,19,1,1
BRF:41
BRH:40
end_of_record
TN:
SF:src\services\userService.js
FN:8,createStaffUser
FN:15,(anonymous_1)
FN:30,(anonymous_2)
FN:55,updateUserStatus
FN:75,listUsers
FN:77,(anonymous_5)
FN:84,getUserWorkflowRoles
FNF:7
FNH:0
FNDA:0,createStaffUser
FNDA:0,(anonymous_1)
FNDA:0,(anonymous_2)
FNDA:0,updateUserStatus
FNDA:0,listUsers
FNDA:0,(anonymous_5)
FNDA:0,getUserWorkflowRoles
DA:1,1
DA:2,1
DA:3,1
DA:4,1
DA:5,1
DA:6,1
DA:9,0
DA:10,0
DA:12,0
DA:13,0
DA:15,0
DA:16,0
DA:29,0
DA:30,0
DA:37,0
DA:40,0
DA:50,0
DA:51,0
DA:57,0
DA:58,0
DA:60,0
DA:61,0
DA:63,0
DA:64,0
DA:71,0
DA:72,0
DA:76,0
DA:77,0
DA:78,0
DA:85,0
DA:86,0
DA:87,0
DA:90,1
LF:33
LH:7
BRDA:10,0,0,0
BRDA:10,0,1,0
BRDA:29,1,0,0
BRDA:29,1,1,0
BRDA:29,2,0,0
BRDA:29,2,1,0
BRDA:57,3,0,0
BRDA:57,3,1,0
BRDA:61,4,0,0
BRDA:61,4,1,0
BRDA:67,5,0,0
BRDA:67,5,1,0
BRDA:75,6,0,0
BRDA:75,7,0,0
BRDA:86,8,0,0
BRDA:86,8,1,0
BRF:16
BRH:0
end_of_record
TN:
SF:src\services\workflowService.js
FN:4,getWorkflows
FN:11,createWorkflow
FN:91,updateWorkflow
FN:97,deleteWorkflow
FN:104,listWorkflowStates
FN:109,createWorkflowState
FN:119,updateWorkflowState
FN:126,deleteWorkflowState
FN:135,listWorkflowTransitions
FN:140,createWorkflowTransition
FN:150,updateWorkflowTransition
FN:160,deleteWorkflowTransition
FNF:12
FNH:0
FNDA:0,getWorkflows
FNDA:0,createWorkflow
FNDA:0,updateWorkflow
FNDA:0,deleteWorkflow
FNDA:0,listWorkflowStates
FNDA:0,createWorkflowState
FNDA:0,updateWorkflowState
FNDA:0,deleteWorkflowState
FNDA:0,listWorkflowTransitions
FNDA:0,createWorkflowTransition
FNDA:0,updateWorkflowTransition
FNDA:0,deleteWorkflowTransition
DA:1,1
DA:2,1
DA:5,0
DA:8,0
DA:12,0
DA:14,0
DA:23,0
DA:32,0
DA:41,0
DA:50,0
DA:59,0
DA:69,0
DA:79,0
DA:88,0
DA:92,0
DA:93,0
DA:94,0
DA:98,0
DA:99,0
DA:100,0
DA:101,0
DA:105,0
DA:106,0
DA:110,0
DA:111,0
DA:112,0
DA:116,0
DA:120,0
DA:121,0
DA:122,0
DA:123,0
DA:127,0
DA:128,0
DA:129,0
DA:130,0
DA:136,0
DA:137,0
DA:141,0
DA:142,0
DA:143,0
DA:147,0
DA:151,0
DA:152,0
DA:153,0
DA:157,0
DA:161,0
DA:162,0
DA:163,0
DA:164,0
DA:167,1
LF:50
LH:3
BRDA:5,0,0,0
BRDA:5,0,1,0
BRDA:93,1,0,0
BRDA:93,1,1,0
BRDA:99,2,0,0
BRDA:99,2,1,0
BRDA:111,3,0,0
BRDA:111,3,1,0
BRDA:121,4,0,0
BRDA:121,4,1,0
BRDA:128,5,0,0
BRDA:128,5,1,0
BRDA:142,6,0,0
BRDA:142,6,1,0
BRDA:152,7,0,0
BRDA:152,7,1,0
BRDA:162,8,0,0
BRDA:162,8,1,0
BRF:18
BRH:0
end_of_record
